<?xml version="1.0" encoding="UTF-8"?>
<!-- Generated by org.testng.reporters.JUnitReportReporter -->
<testsuite hostname="DESKTOP-8F5KJS0" failures="0" tests="3" name="Test_2.Test_D_2" time="0.047" errors="0" timestamp="2022-08-13T11:27:24 IST" skipped="0">
  <testcase classname="Test_2.Test_D_2" name="Test_3" time="0.014"/>
  <system-out/>
  <testcase classname="Test_2.Test_D_2" name="Test_2" time="0.011"/>
  <system-out/>
  <testcase classname="Test_2.Test_D_2" name="Test_1" time="0.022"/>
  <system-out/>
</testsuite> <!-- Test_2.Test_D_2 -->
