<?xml version="1.0" encoding="UTF-8"?>
<!-- Generated by org.testng.reporters.JUnitReportReporter -->
<testsuite hostname="DESKTOP-8F5KJS0" failures="0" tests="3" name="Test_2.Test_demo_1" time="0.084" errors="0" timestamp="2022-08-09T19:30:16 IST" skipped="0">
  <testcase classname="Test_2.Test_demo_1" name="test_tc_001_a" time="0.074"/>
  <system-out/>
  <testcase classname="Test_2.Test_demo_1" name="test_tc_003_c" time="0.003"/>
  <system-out/>
  <testcase classname="Test_2.Test_demo_1" name="test_tc_002_b" time="0.007"/>
  <system-out/>
</testsuite> <!-- Test_2.Test_demo_1 -->
