<?xml version="1.0" encoding="UTF-8"?>
<!-- Generated by org.testng.reporters.JUnitReportReporter -->
<testsuite hostname="DESKTOP-8F5KJS0" failures="0" tests="5" name="Test_2.Test_D_6" time="0.025" errors="0" timestamp="2022-08-13T18:12:27 IST" skipped="1">
  <testcase classname="Test_2.Test_D_6" name="testA" time="0.005"/>
  <system-out/>
  <testcase classname="Test_2.Test_D_6" name="testA" time="0.009"/>
  <system-out/>
  <testcase classname="Test_2.Test_D_6" name="testA" time="0.005"/>
  <system-out/>
  <testcase classname="Test_2.Test_D_6" name="testB" time="0.006"/>
  <system-out/>
  <testcase classname="Test_2.Test_D_6" name="testC">
    <skipped/>
  </testcase> <!-- testC -->
  <system-out/>
</testsuite> <!-- Test_2.Test_D_6 -->
