<?xml version="1.0" encoding="UTF-8"?>
<!-- Generated by org.testng.reporters.JUnitReportReporter -->
<testsuite hostname="DESKTOP-8F5KJS0" failures="0" tests="3" name="Test_2.Test_D_5" time="0.010" errors="0" timestamp="2022-08-13T18:12:27 IST" skipped="0">
  <testcase classname="Test_2.Test_D_5" name="testA" time="0.004"/>
  <system-out/>
  <testcase classname="Test_2.Test_D_5" name="testB" time="0.003"/>
  <system-out/>
  <testcase classname="Test_2.Test_D_5" name="testC" time="0.003"/>
  <system-out/>
</testsuite> <!-- Test_2.Test_D_5 -->
