<?xml version="1.0" encoding="UTF-8"?>
<!-- Generated by org.testng.reporters.JUnitReportReporter -->
<testsuite hostname="DESKTOP-8F5KJS0" failures="0" tests="2" name="Test_2.Test_D_4" time="37.497" errors="0" timestamp="2022-08-13T18:12:27 IST" skipped="0">
  <testcase classname="Test_2.Test_D_4" name="test6" time="30.795"/>
  <system-out/>
  <testcase classname="Test_2.Test_D_4" name="test5" time="6.702"/>
  <system-out/>
</testsuite> <!-- Test_2.Test_D_4 -->
