<?xml version="1.0" encoding="UTF-8"?>
<!-- Generated by org.testng.reporters.JUnitReportReporter -->
<testsuite hostname="DESKTOP-8F5KJS0" failures="0" tests="6" name="TestNG_2.Test_D_9" time="92.742" errors="0" timestamp="2022-08-15T20:23:31 IST" skipped="0">
  <testcase classname="TestNG_2.Test_D_9" name="Test_4" time="15.340"/>
  <system-out/>
  <testcase classname="TestNG_2.Test_D_9" name="Test_1" time="8.902"/>
  <system-out/>
  <testcase classname="TestNG_2.Test_D_9" name="Test_1" time="11.261"/>
  <system-out/>
  <testcase classname="TestNG_2.Test_D_9" name="Test_3" time="29.449"/>
  <system-out/>
  <testcase classname="TestNG_2.Test_D_9" name="Test_4" time="17.850"/>
  <system-out/>
  <testcase classname="TestNG_2.Test_D_9" name="Test_2" time="9.940"/>
  <system-out/>
</testsuite> <!-- TestNG_2.Test_D_9 -->
