<?xml version="1.0" encoding="UTF-8"?>
<!-- Generated by org.testng.reporters.JUnitReportReporter -->
<testsuite hostname="DESKTOP-8F5KJS0" failures="0" tests="4" name="Test_2.Test_D_3" time="30.154" errors="0" timestamp="2022-08-13T18:12:27 IST" skipped="0">
  <testcase classname="Test_2.Test_D_3" name="test2" time="6.532"/>
  <system-out/>
  <testcase classname="Test_2.Test_D_3" name="test1" time="7.003"/>
  <system-out/>
  <testcase classname="Test_2.Test_D_3" name="test3" time="6.010"/>
  <system-out/>
  <testcase classname="Test_2.Test_D_3" name="test4" time="10.609"/>
  <system-out/>
</testsuite> <!-- Test_2.Test_D_3 -->
