<?xml version="1.0" encoding="UTF-8"?>
<!-- Generated by org.testng.reporters.JUnitReportReporter -->
<testsuite hostname="DESKTOP-8F5KJS0" failures="0" tests="5" name="TestNG_2.Test_D_1" time="43.300" errors="0" timestamp="2022-08-15T19:51:08 IST" skipped="0">
  <testcase classname="TestNG_2.Test_D_1" name="Test_1" time="9.748"/>
  <system-out/>
  <testcase classname="TestNG_2.Test_D_1" name="Test_3" time="9.704"/>
  <system-out/>
  <testcase classname="TestNG_2.Test_D_1" name="Test_3" time="6.348"/>
  <system-out/>
  <testcase classname="TestNG_2.Test_D_1" name="Test_4" time="9.626"/>
  <system-out/>
  <testcase classname="TestNG_2.Test_D_1" name="Test_2" time="7.874"/>
  <system-out/>
</testsuite> <!-- TestNG_2.Test_D_1 -->
